# JRE version: OpenJDK Runtime Environment (17.0.11) (build 17.0.11+0--11852314)
# Java VM: OpenJDK 64-Bit Server VM (17.0.11+0--11852314, mixed mode, tiered, compressed oops, compressed class ptrs, g1 gc, windows-amd64)
GC Precious Log:
 CPUs: 16 total, 16 available
 Memory: 7599M
 Large Page Support: Disabled
 NUMA Support: Disabled
 Compressed Oops: Enabled (32-bit)
 Heap Region Size: 1M
 Heap Min Capacity: 8M
 Heap Initial Capacity: 120M
 Heap Max Capacity: 1900M
 Pre-touch: Disabled
 Parallel Workers: 13
 Concurrent Workers: 3
 Concurrent Refinement Workers: 13
 Periodic GC: Disabled
Heap:
 garbage-first heap   total 276480K, used 169472K [0x0000000089400000, 0x0000000100000000)
  region size 1024K, 2 young (2048K), 2 survivors (2048K)
 Metaspace       used 11428K, committed 11584K, reserved 1114112K
  class space    used 1261K, committed 1344K, reserved 1048576K
GC Heap History (20 events):
Event: 0.373 GC heap after
{Heap after GC invocations=1 (full 0):
 garbage-first heap   total 122880K, used 31344K [0x0000000089400000, 0x0000000100000000)
  region size 1024K, 2 young (2048K), 2 survivors (2048K)
 Metaspace       used 9223K, committed 9344K, reserved 1114112K
  class space    used 888K, committed 960K, reserved 1048576K
}
Event: 0.402 GC heap before
{Heap before GC invocations=1 (full 0):
 garbage-first heap   total 122880K, used 61040K [0x0000000089400000, 0x0000000100000000)
  region size 1024K, 3 young (3072K), 2 survivors (2048K)
 Metaspace       used 9407K, committed 9536K, reserved 1114112K
  class space    used 913K, committed 960K, reserved 1048576K
}
Event: 0.403 GC heap after
{Heap after GC invocations=2 (full 0):
 garbage-first heap   total 122880K, used 31463K [0x0000000089400000, 0x0000000100000000)
  region size 1024K, 2 young (2048K), 2 survivors (2048K)
 Metaspace       used 9407K, committed 9536K, reserved 1114112K
  class space    used 913K, committed 960K, reserved 1048576K
}
Event: 0.539 GC heap before
{Heap before GC invocations=2 (full 0):
 garbage-first heap   total 122880K, used 77543K [0x0000000089400000, 0x0000000100000000)
  region size 1024K, 33 young (33792K), 2 survivors (2048K)
 Metaspace       used 9447K, committed 9600K, reserved 1114112K
  class space    used 916K, committed 960K, reserved 1048576K
}
Event: 0.556 GC heap after
{Heap after GC invocations=3 (full 0):
 garbage-first heap   total 122880K, used 49485K [0x0000000089400000, 0x0000000100000000)
  region size 1024K, 5 young (5120K), 5 survivors (5120K)
 Metaspace       used 9447K, committed 9600K, reserved 1114112K
  class space    used 916K, committed 960K, reserved 1048576K
}
Event: 0.639 GC heap before
{Heap before GC invocations=3 (full 0):
 garbage-first heap   total 122880K, used 75085K [0x0000000089400000, 0x0000000100000000)
  region size 1024K, 29 young (29696K), 5 survivors (5120K)
 Metaspace       used 9493K, committed 9664K, reserved 1114112K
  class space    used 922K, committed 1024K, reserved 1048576K
}
Event: 0.658 GC heap after
{Heap after GC invocations=4 (full 0):
 garbage-first heap   total 122880K, used 60086K [0x0000000089400000, 0x0000000100000000)
  region size 1024K, 4 young (4096K), 4 survivors (4096K)
 Metaspace       used 9493K, committed 9664K, reserved 1114112K
  class space    used 922K, committed 1024K, reserved 1048576K
}
Event: 0.765 GC heap before
{Heap before GC invocations=4 (full 0):
 garbage-first heap   total 122880K, used 75446K [0x0000000089400000, 0x0000000100000000)
  region size 1024K, 21 young (21504K), 4 survivors (4096K)
 Metaspace       used 9607K, committed 9792K, reserved 1114112K
  class space    used 941K, committed 1024K, reserved 1048576K
}
Event: 0.794 GC heap after
{Heap after GC invocations=5 (full 0):
 garbage-first heap   total 122880K, used 69120K [0x0000000089400000, 0x0000000100000000)
  region size 1024K, 4 young (4096K), 4 survivors (4096K)
 Metaspace       used 9607K, committed 9792K, reserved 1114112K
  class space    used 941K, committed 1024K, reserved 1048576K
}
Event: 0.833 GC heap before
{Heap before GC invocations=6 (full 0):
 garbage-first heap   total 124928K, used 78336K [0x0000000089400000, 0x0000000100000000)
  region size 1024K, 13 young (13312K), 4 survivors (4096K)
 Metaspace       used 9614K, committed 9792K, reserved 1114112K
  class space    used 942K, committed 1024K, reserved 1048576K
}
Event: 0.854 GC heap after
{Heap after GC invocations=7 (full 0):
 garbage-first heap   total 249856K, used 73216K [0x0000000089400000, 0x0000000100000000)
  region size 1024K, 3 young (3072K), 3 survivors (3072K)
 Metaspace       used 9614K, committed 9792K, reserved 1114112K
  class space    used 942K, committed 1024K, reserved 1048576K
}
Event: 1.180 GC heap before
{Heap before GC invocations=7 (full 0):
 garbage-first heap   total 249856K, used 119296K [0x0000000089400000, 0x0000000100000000)
  region size 1024K, 44 young (45056K), 3 survivors (3072K)
 Metaspace       used 11372K, committed 11520K, reserved 1114112K
  class space    used 1260K, committed 1344K, reserved 1048576K
}
Event: 1.231 GC heap after
{Heap after GC invocations=8 (full 0):
 garbage-first heap   total 249856K, used 99216K [0x0000000089400000, 0x0000000100000000)
  region size 1024K, 6 young (6144K), 6 survivors (6144K)
 Metaspace       used 11372K, committed 11520K, reserved 1114112K
  class space    used 1260K, committed 1344K, reserved 1048576K
}
Event: 1.500 GC heap before
{Heap before GC invocations=8 (full 0):
 garbage-first heap   total 249856K, used 147344K [0x0000000089400000, 0x0000000100000000)
  region size 1024K, 54 young (55296K), 6 survivors (6144K)
 Metaspace       used 11388K, committed 11520K, reserved 1114112K
  class space    used 1261K, committed 1344K, reserved 1048576K
}
Event: 1.548 GC heap after
{Heap after GC invocations=9 (full 0):
 garbage-first heap   total 249856K, used 130048K [0x0000000089400000, 0x0000000100000000)
  region size 1024K, 7 young (7168K), 7 survivors (7168K)
 Metaspace       used 11388K, committed 11520K, reserved 1114112K
  class space    used 1261K, committed 1344K, reserved 1048576K
}
Event: 1.650 GC heap before
{Heap before GC invocations=9 (full 0):
 garbage-first heap   total 249856K, used 153600K [0x0000000089400000, 0x0000000100000000)
  region size 1024K, 30 young (30720K), 7 survivors (7168K)
 Metaspace       used 11428K, committed 11584K, reserved 1114112K
  class space    used 1261K, committed 1344K, reserved 1048576K
}
Event: 1.678 GC heap after
{Heap after GC invocations=10 (full 0):
 garbage-first heap   total 249856K, used 144896K [0x0000000089400000, 0x0000000100000000)
  region size 1024K, 4 young (4096K), 4 survivors (4096K)
 Metaspace       used 11428K, committed 11584K, reserved 1114112K
  class space    used 1261K, committed 1344K, reserved 1048576K
}
Event: 1.827 GC heap before
{Heap before GC invocations=11 (full 0):
 garbage-first heap   total 276480K, used 174592K [0x0000000089400000, 0x0000000100000000)
  region size 1024K, 36 young (36864K), 4 survivors (4096K)
 Metaspace       used 11428K, committed 11584K, reserved 1114112K
  class space    used 1261K, committed 1344K, reserved 1048576K
}
Event: 1.852 GC heap after
{Heap after GC invocations=12 (full 0):
 garbage-first heap   total 276480K, used 163840K [0x0000000089400000, 0x0000000100000000)
  region size 1024K, 5 young (5120K), 5 survivors (5120K)
 Metaspace       used 11428K, committed 11584K, reserved 1114112K
  class space    used 1261K, committed 1344K, reserved 1048576K
}
Event: 1.892 GC heap before
{Heap before GC invocations=12 (full 0):
 garbage-first heap   total 276480K, used 172032K [0x0000000089400000, 0x0000000100000000)
  region size 1024K, 13 young (13312K), 5 survivors (5120K)
 Metaspace       used 11428K, committed 11584K, reserved 1114112K
  class space    used 1261K, committed 1344K, reserved 1048576K
}

